22-Dec-2020 17:14:15.945 信息 [main] org.apache.catalina.startup.VersionLoggerListener.log Server.æå¡å¨çæ¬:        Apache Tomcat/@VERSION@
22-Dec-2020 17:14:15.948 信息 [main] org.apache.catalina.startup.VersionLoggerListener.log æå¡å¨æå»º:          @VERSION_BUILT@
22-Dec-2020 17:14:15.948 信息 [main] org.apache.catalina.startup.VersionLoggerListener.log Server version number: @VERSION_NUMBER@
22-Dec-2020 17:14:15.948 信息 [main] org.apache.catalina.startup.VersionLoggerListener.log OS Name:               Windows 10
22-Dec-2020 17:14:15.948 信息 [main] org.apache.catalina.startup.VersionLoggerListener.log OS.çæ¬:            10.0
22-Dec-2020 17:14:15.949 信息 [main] org.apache.catalina.startup.VersionLoggerListener.log æ¶æ:          amd64
22-Dec-2020 17:14:15.949 信息 [main] org.apache.catalina.startup.VersionLoggerListener.log Java ç¯å¢åé:             C:\Program Files\Java\jdk1.8.0_202\jre
22-Dec-2020 17:14:15.949 信息 [main] org.apache.catalina.startup.VersionLoggerListener.log JVM çæ¬:           1.8.0_202-b08
22-Dec-2020 17:14:15.949 信息 [main] org.apache.catalina.startup.VersionLoggerListener.log JVM.ä¾åºå:            Oracle Corporation
22-Dec-2020 17:14:15.949 信息 [main] org.apache.catalina.startup.VersionLoggerListener.log CATALINA_BASE:         E:\Desktop\tomcat-8.5.46-source\catalina-home
22-Dec-2020 17:14:15.949 信息 [main] org.apache.catalina.startup.VersionLoggerListener.log CATALINA_HOME:         E:\Desktop\tomcat-8.5.46-source\catalina-home
22-Dec-2020 17:14:15.949 信息 [main] org.apache.catalina.startup.VersionLoggerListener.log Command line argument: -Dcatalina.home=catalina-home
22-Dec-2020 17:14:15.949 信息 [main] org.apache.catalina.startup.VersionLoggerListener.log Command line argument: -Dcatalina.base=catalina-home
22-Dec-2020 17:14:15.949 信息 [main] org.apache.catalina.startup.VersionLoggerListener.log Command line argument: -Djava.endorsed.dirs=catalina-home/endorsed
22-Dec-2020 17:14:15.949 信息 [main] org.apache.catalina.startup.VersionLoggerListener.log Command line argument: -Djava.io.tmpdir=catalina-home/temp
22-Dec-2020 17:14:15.950 信息 [main] org.apache.catalina.startup.VersionLoggerListener.log Command line argument: -Djava.util.logging.manager=org.apache.juli.ClassLoaderLogManager
22-Dec-2020 17:14:15.950 信息 [main] org.apache.catalina.startup.VersionLoggerListener.log Command line argument: -Djava.util.logging.config.file=catalina-home/conf/logging.properties
22-Dec-2020 17:14:15.950 信息 [main] org.apache.catalina.startup.VersionLoggerListener.log Command line argument: -javaagent:C:\Program Files\JetBrains\IntelliJ IDEA 2019.2.3\lib\idea_rt.jar=27662:C:\Program Files\JetBrains\IntelliJ IDEA 2019.2.3\bin
22-Dec-2020 17:14:15.950 信息 [main] org.apache.catalina.startup.VersionLoggerListener.log Command line argument: -Dfile.encoding=UTF-8
22-Dec-2020 17:14:15.950 信息 [main] org.apache.catalina.core.AprLifecycleListener.lifecycleEvent The APR based Apache Tomcat Native library which allows optimal performance in production environments was not found on the java.library.path: [C:\Program Files\Java\jdk1.8.0_202\bin;C:\Windows\Sun\Java\bin;C:\Windows\system32;C:\Windows;D:\environment\Python2\;D:\environment\Python2\Scripts;C:\Program Files (x86)\Common Files\Oracle\Java\javapath;C:\Windows\system32;C:\Windows;C:\Windows\System32\Wbem;C:\Windows\System32\WindowsPowerShell\v1.0\;C:\Windows\System32\OpenSSH\;C:\Program Files (x86)\NVIDIA Corporation\PhysX\Common;C:\Program Files\nodejs\;D:\apktool;D:\adb;C:\Program Files\Git\cmd;C:\Program Files\Java\jdk1.8.0_202\bin;D:\environment\Go\bin;C:\Program Files (x86)\Yarn\bin\;D:\maven-3.6.3\apache-maven-3.6.3\bin;C:\Users\laker\AppData\Local\Microsoft\WindowsApps;C:\Users\laker\AppData\Roaming\npm;C:\Users\laker\AppData\Local\Programs\Fiddler;C:\Program Files (x86)\Nmap;C:\Users\laker\go\bin;C:\Users\laker\AppData\Local\atom\bin;C:\Users\laker\AppData\Local\Yarn\bin;.]
22-Dec-2020 17:14:16.112 信息 [main] org.apache.coyote.AbstractProtocol.init åå§ååè®®å¤çå¨ ["http-nio-8080"]
22-Dec-2020 17:14:16.118 严重 [main] org.apache.catalina.core.StandardService.initInternal Failed to initialize connector [Connector[HTTP/1.1-8080]]
	org.apache.catalina.LifecycleException: åå§åç»ä»¶[Connector[HTTP/1.1-8080]]å¤±è´¥ã
		at org.apache.catalina.util.LifecycleBase.init(LifecycleBase.java:113)
		at org.apache.catalina.core.StandardService.initInternal(StandardService.java:552)
		at org.apache.catalina.util.LifecycleBase.init(LifecycleBase.java:107)
		at org.apache.catalina.core.StandardServer.initInternal(StandardServer.java:852)
		at org.apache.catalina.util.LifecycleBase.init(LifecycleBase.java:107)
		at org.apache.catalina.startup.Catalina.load(Catalina.java:639)
		at sun.reflect.NativeMethodAccessorImpl.invoke0(Native Method)
		at sun.reflect.NativeMethodAccessorImpl.invoke(NativeMethodAccessorImpl.java:62)
		at sun.reflect.DelegatingMethodAccessorImpl.invoke(DelegatingMethodAccessorImpl.java:43)
		at java.lang.reflect.Method.invoke(Method.java:498)
		at org.apache.catalina.startup.Bootstrap.load(Bootstrap.java:309)
		at org.apache.catalina.startup.Bootstrap.main(Bootstrap.java:492)
	Caused by: org.apache.catalina.LifecycleException: Protocol handler initialization failed
		at org.apache.catalina.connector.Connector.initInternal(Connector.java:996)
		at org.apache.catalina.util.LifecycleBase.init(LifecycleBase.java:107)
		... 11 more
	Caused by: java.net.BindException: Address already in use: bind
		at sun.nio.ch.Net.bind0(Native Method)
		at sun.nio.ch.Net.bind(Net.java:433)
		at sun.nio.ch.Net.bind(Net.java:425)
		at sun.nio.ch.ServerSocketChannelImpl.bind(ServerSocketChannelImpl.java:223)
		at sun.nio.ch.ServerSocketAdaptor.bind(ServerSocketAdaptor.java:74)
		at org.apache.tomcat.util.net.NioEndpoint.bind(NioEndpoint.java:219)
		at org.apache.tomcat.util.net.AbstractEndpoint.init(AbstractEndpoint.java:1118)
		at org.apache.tomcat.util.net.AbstractJsseEndpoint.init(AbstractJsseEndpoint.java:224)
		at org.apache.coyote.AbstractProtocol.init(AbstractProtocol.java:581)
		at org.apache.coyote.http11.AbstractHttp11Protocol.init(AbstractHttp11Protocol.java:68)
		at org.apache.catalina.connector.Connector.initInternal(Connector.java:993)
		... 12 more
22-Dec-2020 17:14:16.119 信息 [main] org.apache.coyote.AbstractProtocol.init åå§ååè®®å¤çå¨ ["ajp-nio-8009"]
22-Dec-2020 17:14:17.129 信息 [main] org.apache.tomcat.util.net.NioSelectorPool.getSharedSelector Using a shared selector for servlet write/read
22-Dec-2020 17:14:17.147 信息 [main] org.apache.catalina.startup.Catalina.load Initialization processed in 1834 ms
22-Dec-2020 17:14:17.182 信息 [main] org.apache.catalina.core.StandardService.startInternal Starting service [Catalina]
22-Dec-2020 17:14:17.182 信息 [main] org.apache.catalina.core.StandardEngine.startInternal Starting Servlet Engine: Apache Tomcat/@VERSION@
22-Dec-2020 17:14:17.189 信息 [localhost-startStop-1] org.apache.catalina.startup.HostConfig.deployDirectory æweb åºç¨ç¨åºé¨ç½²å°ç®å½ [E:\Desktop\tomcat-8.5.46-source\catalina-home\webapps\docs]
22-Dec-2020 17:14:17.487 信息 [localhost-startStop-1] org.apache.jasper.servlet.TldScanner.scanJars è³å°æä¸ä¸ªJARè¢«æ«æç¨äºTLDä½å°æªåå«TLDã ä¸ºæ­¤è®°å½å¨å¯ç¨è°è¯æ¥å¿è®°å½ï¼ä»¥è·åå·²æ«æä½æªå¨å¶ä¸­æ¾å°TLDçå®æ´JARåè¡¨ã å¨æ«ææé´è·³è¿ä¸éè¦çJARå¯ä»¥ç¼©ç­å¯å¨æ¶é´åJSPç¼è¯æ¶é´ã
22-Dec-2020 17:14:17.511 信息 [localhost-startStop-1] org.apache.catalina.startup.HostConfig.deployDirectory Deployment of web application directory [E:\Desktop\tomcat-8.5.46-source\catalina-home\webapps\docs] has finished in [319] ms
22-Dec-2020 17:14:17.511 信息 [localhost-startStop-1] org.apache.catalina.startup.HostConfig.deployDirectory æweb åºç¨ç¨åºé¨ç½²å°ç®å½ [E:\Desktop\tomcat-8.5.46-source\catalina-home\webapps\examples]
22-Dec-2020 17:14:17.677 信息 [localhost-startStop-1] org.apache.jasper.servlet.TldScanner.scanJars è³å°æä¸ä¸ªJARè¢«æ«æç¨äºTLDä½å°æªåå«TLDã ä¸ºæ­¤è®°å½å¨å¯ç¨è°è¯æ¥å¿è®°å½ï¼ä»¥è·åå·²æ«æä½æªå¨å¶ä¸­æ¾å°TLDçå®æ´JARåè¡¨ã å¨æ«ææé´è·³è¿ä¸éè¦çJARå¯ä»¥ç¼©ç­å¯å¨æ¶é´åJSPç¼è¯æ¶é´ã
22-Dec-2020 17:14:17.688 严重 [localhost-startStop-1] org.apache.catalina.core.StandardContext.startInternal One or more listeners failed to start. Full details will be found in the appropriate container log file
22-Dec-2020 17:14:17.688 严重 [localhost-startStop-1] org.apache.catalina.core.StandardContext.startInternal Context [/examples] startup failed due to previous errors
22-Dec-2020 17:14:17.697 信息 [localhost-startStop-1] org.apache.catalina.startup.HostConfig.deployDirectory Deployment of web application directory [E:\Desktop\tomcat-8.5.46-source\catalina-home\webapps\examples] has finished in [186] ms
22-Dec-2020 17:14:17.698 信息 [localhost-startStop-1] org.apache.catalina.startup.HostConfig.deployDirectory æweb åºç¨ç¨åºé¨ç½²å°ç®å½ [E:\Desktop\tomcat-8.5.46-source\catalina-home\webapps\host-manager]
22-Dec-2020 17:14:17.786 信息 [localhost-startStop-1] org.apache.jasper.servlet.TldScanner.scanJars è³å°æä¸ä¸ªJARè¢«æ«æç¨äºTLDä½å°æªåå«TLDã ä¸ºæ­¤è®°å½å¨å¯ç¨è°è¯æ¥å¿è®°å½ï¼ä»¥è·åå·²æ«æä½æªå¨å¶ä¸­æ¾å°TLDçå®æ´JARåè¡¨ã å¨æ«ææé´è·³è¿ä¸éè¦çJARå¯ä»¥ç¼©ç­å¯å¨æ¶é´åJSPç¼è¯æ¶é´ã
22-Dec-2020 17:14:17.799 信息 [localhost-startStop-1] org.apache.catalina.startup.HostConfig.deployDirectory Deployment of web application directory [E:\Desktop\tomcat-8.5.46-source\catalina-home\webapps\host-manager] has finished in [101] ms
22-Dec-2020 17:14:17.799 信息 [localhost-startStop-1] org.apache.catalina.startup.HostConfig.deployDirectory æweb åºç¨ç¨åºé¨ç½²å°ç®å½ [E:\Desktop\tomcat-8.5.46-source\catalina-home\webapps\manager]
22-Dec-2020 17:14:17.884 信息 [localhost-startStop-1] org.apache.jasper.servlet.TldScanner.scanJars è³å°æä¸ä¸ªJARè¢«æ«æç¨äºTLDä½å°æªåå«TLDã ä¸ºæ­¤è®°å½å¨å¯ç¨è°è¯æ¥å¿è®°å½ï¼ä»¥è·åå·²æ«æä½æªå¨å¶ä¸­æ¾å°TLDçå®æ´JARåè¡¨ã å¨æ«ææé´è·³è¿ä¸éè¦çJARå¯ä»¥ç¼©ç­å¯å¨æ¶é´åJSPç¼è¯æ¶é´ã
22-Dec-2020 17:14:17.886 信息 [localhost-startStop-1] org.apache.catalina.startup.HostConfig.deployDirectory Deployment of web application directory [E:\Desktop\tomcat-8.5.46-source\catalina-home\webapps\manager] has finished in [87] ms
22-Dec-2020 17:14:17.886 信息 [localhost-startStop-1] org.apache.catalina.startup.HostConfig.deployDirectory æweb åºç¨ç¨åºé¨ç½²å°ç®å½ [E:\Desktop\tomcat-8.5.46-source\catalina-home\webapps\ROOT]
22-Dec-2020 17:14:17.967 信息 [localhost-startStop-1] org.apache.jasper.servlet.TldScanner.scanJars è³å°æä¸ä¸ªJARè¢«æ«æç¨äºTLDä½å°æªåå«TLDã ä¸ºæ­¤è®°å½å¨å¯ç¨è°è¯æ¥å¿è®°å½ï¼ä»¥è·åå·²æ«æä½æªå¨å¶ä¸­æ¾å°TLDçå®æ´JARåè¡¨ã å¨æ«ææé´è·³è¿ä¸éè¦çJARå¯ä»¥ç¼©ç­å¯å¨æ¶é´åJSPç¼è¯æ¶é´ã
22-Dec-2020 17:14:17.968 信息 [localhost-startStop-1] org.apache.catalina.startup.HostConfig.deployDirectory Deployment of web application directory [E:\Desktop\tomcat-8.5.46-source\catalina-home\webapps\ROOT] has finished in [82] ms
22-Dec-2020 17:14:17.971 信息 [main] org.apache.coyote.AbstractProtocol.start å¼å§åè®®å¤çå¥æ["ajp-nio-8009"]
22-Dec-2020 17:14:17.980 信息 [main] org.apache.catalina.startup.Catalina.start Server startup in 832 ms
